0 verbose cli /usr/local/bin/node /usr/local/bin/npm
1 info using npm@8.19.4
2 info using node@v16.20.0
3 timing npm:load:whichnode Completed in 0ms
4 timing config:load:defaults Completed in 2ms
5 timing config:load:file:/usr/local/lib/node_modules/npm/npmrc Completed in 1ms
6 timing config:load:builtin Completed in 1ms
7 warn config production Use `--omit=dev` instead.
8 timing config:load:cli Completed in 5ms
9 timing config:load:env Completed in 0ms
10 timing config:load:file:/data/.npmrc Completed in 1ms
11 timing config:load:project Completed in 3ms
12 timing config:load:file:/root/.npmrc Completed in 0ms
13 timing config:load:user Completed in 0ms
14 timing config:load:file:/usr/local/etc/npmrc Completed in 2ms
15 timing config:load:global Completed in 2ms
16 timing config:load:validate Completed in 1ms
17 timing config:load:credentials Completed in 1ms
18 timing config:load:setEnvs Completed in 1ms
19 timing config:load Completed in 18ms
20 timing npm:load:configload Completed in 18ms
21 timing npm:load:mkdirpcache Completed in 10ms
22 timing npm:load:mkdirplogs Completed in 1ms
23 verbose title npm install node-red-contrib-postgresql@0.13.0
24 verbose argv "install" "--no-audit" "--no-update-notifier" "--no-fund" "--save" "--save-prefix" "~" "--production" "--engine-strict" "node-red-contrib-postgresql@0.13.0"
25 timing npm:load:setTitle Completed in 2ms
26 timing config:load:flatten Completed in 5ms
27 timing npm:load:display Completed in 10ms
28 verbose logfile logs-max:10 dir:/data/.npm/_logs
29 verbose logfile /data/.npm/_logs/2023-06-01T01_59_40_497Z-debug-0.log
30 timing npm:load:logFile Completed in 8ms
31 timing npm:load:timers Completed in 0ms
32 timing npm:load:configScope Completed in 0ms
33 timing npm:load Completed in 50ms
34 timing arborist:ctor Completed in 2ms
35 silly logfile start cleaning logs, removing 2 files
36 silly logfile done cleaning log files
37 timing idealTree:init Completed in 30ms
38 timing idealTree:userRequests Completed in 3ms
39 silly idealTree buildDeps
40 silly fetch manifest node-red-contrib-postgresql@0.13.0
41 timing arborist:ctor Completed in 1ms
42 http fetch GET 200 https://registry.npmjs.org/node-red-contrib-postgresql 1302ms (cache updated)
43 silly placeDep ROOT node-red-contrib-postgresql@0.13.0 OK for: node-red-project@0.0.1 want: 0.13.0
44 silly fetch manifest mustache@^4.2.0
45 silly fetch manifest pg@^8.11.0
46 silly fetch manifest pg-cursor@^2.10.0
47 http fetch GET 200 https://registry.npmjs.org/pg 69ms (cache revalidated)
48 http fetch GET 200 https://registry.npmjs.org/mustache 925ms (cache revalidated)
49 http fetch GET 200 https://registry.npmjs.org/pg-cursor 924ms (cache revalidated)
50 timing idealTree:#root Completed in 2248ms
51 silly fetch manifest pg-native@>=3.0.1
52 http fetch GET 200 https://registry.npmjs.org/pg-native 832ms (cache revalidated)
53 silly placeDep ROOT mustache@4.2.0 OK for: node-red-contrib-postgresql@0.13.0 want: ^4.2.0
54 silly placeDep ROOT pg@8.11.0 OK for: node-red-contrib-postgresql@0.13.0 want: ^8.11.0
55 silly placeDep ROOT pg-cursor@2.10.0 OK for: node-red-contrib-postgresql@0.13.0 want: ^2.10.0
56 silly fetch manifest buffer-writer@2.0.0
57 silly fetch manifest packet-reader@1.0.0
58 silly fetch manifest pg-connection-string@^2.6.0
59 silly fetch manifest pg-pool@^3.6.0
60 silly fetch manifest pg-protocol@^1.6.0
61 silly fetch manifest pg-types@^2.1.0
62 silly fetch manifest pgpass@1.x
63 silly fetch manifest pg-cloudflare@^1.1.0
64 http fetch GET 200 https://registry.npmjs.org/pg-protocol 88ms (cache revalidated)
65 http fetch GET 200 https://registry.npmjs.org/packet-reader 96ms (cache revalidated)
66 http fetch GET 200 https://registry.npmjs.org/pg-types 89ms (cache revalidated)
67 http fetch GET 200 https://registry.npmjs.org/pgpass 135ms (cache revalidated)
68 http fetch GET 200 https://registry.npmjs.org/pg-connection-string 164ms (cache revalidated)
69 http fetch GET 200 https://registry.npmjs.org/pg-pool 165ms (cache revalidated)
70 http fetch GET 200 https://registry.npmjs.org/pg-cloudflare 162ms (cache revalidated)
71 http fetch GET 200 https://registry.npmjs.org/buffer-writer 174ms (cache revalidated)
72 timing idealTree:node_modules/node-red-contrib-postgresql Completed in 1028ms
73 timing idealTree:node_modules/mustache Completed in 0ms
74 silly fetch manifest pg@>=8.0
75 silly placeDep ROOT buffer-writer@2.0.0 OK for: pg@8.11.0 want: 2.0.0
76 silly placeDep ROOT packet-reader@1.0.0 OK for: pg@8.11.0 want: 1.0.0
77 silly placeDep ROOT pg-cloudflare@1.1.0 OK for: pg@8.11.0 want: ^1.1.0
78 silly placeDep ROOT pg-connection-string@2.6.0 OK for: pg@8.11.0 want: ^2.6.0
79 silly placeDep ROOT pg-pool@3.6.0 OK for: pg@8.11.0 want: ^3.6.0
80 silly placeDep ROOT pg-protocol@1.6.0 OK for: pg@8.11.0 want: ^1.6.0
81 silly placeDep ROOT pg-types@2.2.0 OK for: pg@8.11.0 want: ^2.1.0
82 silly placeDep ROOT pgpass@1.0.5 OK for: pg@8.11.0 want: 1.x
83 silly fetch manifest pg-int8@1.0.1
84 silly fetch manifest postgres-array@~2.0.0
85 silly fetch manifest postgres-bytea@~1.0.0
86 silly fetch manifest postgres-date@~1.0.4
87 silly fetch manifest postgres-interval@^1.1.0
88 silly fetch manifest split2@^4.1.0
89 http fetch GET 200 https://registry.npmjs.org/postgres-bytea 66ms (cache revalidated)
90 http fetch GET 200 https://registry.npmjs.org/postgres-array 73ms (cache revalidated)
91 http fetch GET 200 https://registry.npmjs.org/postgres-date 74ms (cache revalidated)
92 http fetch GET 200 https://registry.npmjs.org/pg-int8 91ms (cache revalidated)
93 http fetch GET 200 https://registry.npmjs.org/postgres-interval 111ms (cache revalidated)
94 http fetch GET 200 https://registry.npmjs.org/split2 112ms (cache revalidated)
95 timing idealTree:node_modules/pg Completed in 136ms
96 timing idealTree:node_modules/buffer-writer Completed in 0ms
97 timing idealTree:node_modules/packet-reader Completed in 0ms
98 timing idealTree:node_modules/pg-cloudflare Completed in 0ms
99 timing idealTree:node_modules/pg-connection-string Completed in 0ms
100 timing idealTree:node_modules/pg-cursor Completed in 0ms
101 timing idealTree:node_modules/pg-pool Completed in 0ms
102 timing idealTree:node_modules/pg-protocol Completed in 0ms
103 silly placeDep ROOT pg-int8@1.0.1 OK for: pg-types@2.2.0 want: 1.0.1
104 silly placeDep ROOT postgres-array@2.0.0 OK for: pg-types@2.2.0 want: ~2.0.0
105 silly placeDep ROOT postgres-bytea@1.0.0 OK for: pg-types@2.2.0 want: ~1.0.0
106 silly placeDep ROOT postgres-date@1.0.7 OK for: pg-types@2.2.0 want: ~1.0.4
107 silly placeDep ROOT postgres-interval@1.2.0 OK for: pg-types@2.2.0 want: ^1.1.0
108 silly fetch manifest xtend@^4.0.0
109 http fetch GET 200 https://registry.npmjs.org/xtend 842ms (cache revalidated)
110 timing idealTree:node_modules/pg-types Completed in 852ms
111 timing idealTree:node_modules/pg-int8 Completed in 0ms
112 silly placeDep ROOT split2@4.2.0 OK for: pgpass@1.0.5 want: ^4.1.0
113 timing idealTree:node_modules/pgpass Completed in 3ms
114 timing idealTree:node_modules/postgres-array Completed in 0ms
115 timing idealTree:node_modules/postgres-bytea Completed in 0ms
116 timing idealTree:node_modules/postgres-date Completed in 0ms
117 silly placeDep ROOT xtend@4.0.2 OK for: postgres-interval@1.2.0 want: ^4.0.0
118 timing idealTree:node_modules/postgres-interval Completed in 9ms
119 timing idealTree:node_modules/split2 Completed in 0ms
120 timing idealTree:node_modules/xtend Completed in 0ms
121 timing idealTree:buildDeps Completed in 4277ms
122 timing idealTree:fixDepFlags Completed in 1ms
123 timing idealTree Completed in 4314ms
124 timing reify:loadTrees Completed in 4315ms
125 timing reify:diffTrees Completed in 4ms
126 silly reify moves {}
127 timing reify:retireShallow Completed in 4ms
128 timing reify:createSparse Completed in 43ms
129 timing reify:trashOmits Completed in 0ms
130 timing reify:loadBundles Completed in 0ms
131 silly tarball no local data for node-red-contrib-postgresql@https://registry.npmjs.org/node-red-contrib-postgresql/-/node-red-contrib-postgresql-0.13.0.tgz. Extracting by manifest.
132 timing reifyNode:node_modules/pg-int8 Completed in 140ms
133 timing reifyNode:node_modules/postgres-bytea Completed in 141ms
134 timing reifyNode:node_modules/postgres-date Completed in 141ms
135 timing reifyNode:node_modules/postgres-interval Completed in 143ms
136 timing reifyNode:node_modules/pg-connection-string Completed in 142ms
137 timing reifyNode:node_modules/postgres-array Completed in 144ms
138 timing reifyNode:node_modules/pgpass Completed in 146ms
139 timing reifyNode:node_modules/split2 Completed in 148ms
140 timing reifyNode:node_modules/packet-reader Completed in 149ms
141 timing reifyNode:node_modules/xtend Completed in 151ms
142 timing reifyNode:node_modules/buffer-writer Completed in 153ms
143 timing reifyNode:node_modules/pg-cloudflare Completed in 157ms
144 timing reifyNode:node_modules/pg-cursor Completed in 161ms
145 timing reifyNode:node_modules/pg-types Completed in 163ms
146 timing reifyNode:node_modules/pg-pool Completed in 175ms
147 timing reifyNode:node_modules/pg Completed in 174ms
148 timing reifyNode:node_modules/mustache Completed in 180ms
149 timing reifyNode:node_modules/pg-protocol Completed in 188ms
150 http fetch GET 200 https://registry.npmjs.org/node-red-contrib-postgresql/-/node-red-contrib-postgresql-0.13.0.tgz 526ms (cache miss)
151 timing reifyNode:node_modules/node-red-contrib-postgresql Completed in 560ms
152 timing reify:unpack Completed in 563ms
153 timing reify:unretire Completed in 0ms
154 timing build:queue Completed in 2ms
155 timing build:link:node_modules/mustache Completed in 7ms
156 timing build:link Completed in 7ms
157 timing build:deps Completed in 10ms
158 timing build Completed in 10ms
159 timing reify:build Completed in 11ms
160 timing reify:trash Completed in 0ms
161 timing reify:save Completed in 22ms
162 timing reify Completed in 4976ms
163 silly ADD node_modules/xtend
164 silly ADD node_modules/split2
165 silly ADD node_modules/postgres-interval
166 silly ADD node_modules/postgres-date
167 silly ADD node_modules/postgres-bytea
168 silly ADD node_modules/postgres-array
169 silly ADD node_modules/pg-int8
170 silly ADD node_modules/pgpass
171 silly ADD node_modules/pg-types
172 silly ADD node_modules/pg-protocol
173 silly ADD node_modules/pg-pool
174 silly ADD node_modules/pg-connection-string
175 silly ADD node_modules/pg-cloudflare
176 silly ADD node_modules/packet-reader
177 silly ADD node_modules/buffer-writer
178 silly ADD node_modules/pg-cursor
179 silly ADD node_modules/pg
180 silly ADD node_modules/mustache
181 silly ADD node_modules/node-red-contrib-postgresql
182 timing command:install Completed in 4985ms
183 verbose exit 0
184 timing npm Completed in 5212ms
185 info ok
