0 verbose cli /usr/local/bin/node /usr/local/bin/npm
1 info using npm@8.19.4
2 info using node@v16.20.0
3 timing npm:load:whichnode Completed in 0ms
4 timing config:load:defaults Completed in 3ms
5 timing config:load:file:/usr/local/lib/node_modules/npm/npmrc Completed in 2ms
6 timing config:load:builtin Completed in 2ms
7 warn config production Use `--omit=dev` instead.
8 timing config:load:cli Completed in 4ms
9 timing config:load:env Completed in 0ms
10 timing config:load:file:/data/.npmrc Completed in 1ms
11 timing config:load:project Completed in 8ms
12 timing config:load:file:/root/.npmrc Completed in 0ms
13 timing config:load:user Completed in 1ms
14 timing config:load:file:/usr/local/etc/npmrc Completed in 6ms
15 timing config:load:global Completed in 7ms
16 timing config:load:validate Completed in 0ms
17 timing config:load:credentials Completed in 2ms
18 timing config:load:setEnvs Completed in 2ms
19 timing config:load Completed in 30ms
20 timing npm:load:configload Completed in 30ms
21 timing npm:load:mkdirpcache Completed in 2ms
22 timing npm:load:mkdirplogs Completed in 1ms
23 verbose title npm install node-red-contrib-re-postgres@0.3.3
24 verbose argv "install" "--no-audit" "--no-update-notifier" "--no-fund" "--save" "--save-prefix" "~" "--production" "--engine-strict" "node-red-contrib-re-postgres@0.3.3"
25 timing npm:load:setTitle Completed in 2ms
26 timing config:load:flatten Completed in 5ms
27 timing npm:load:display Completed in 10ms
28 verbose logfile logs-max:10 dir:/data/.npm/_logs
29 verbose logfile /data/.npm/_logs/2023-06-01T02_01_16_037Z-debug-0.log
30 timing npm:load:logFile Completed in 8ms
31 timing npm:load:timers Completed in 0ms
32 timing npm:load:configScope Completed in 0ms
33 timing npm:load Completed in 55ms
34 timing arborist:ctor Completed in 1ms
35 silly logfile start cleaning logs, removing 1 files
36 silly logfile done cleaning log files
37 timing idealTree:init Completed in 383ms
38 timing idealTree:userRequests Completed in 4ms
39 silly idealTree buildDeps
40 silly fetch manifest node-red-contrib-re-postgres@0.3.3
41 timing arborist:ctor Completed in 0ms
42 http fetch GET 200 https://registry.npmjs.org/node-red-contrib-re-postgres 780ms (cache revalidated)
43 silly placeDep ROOT node-red-contrib-re-postgres@0.3.3 OK for: node-red-project@0.0.1 want: 0.3.3
44 silly fetch manifest node-postgres-named@^2.4.1
45 http fetch GET 200 https://registry.npmjs.org/node-postgres-named 842ms (cache revalidated)
46 timing idealTree:#root Completed in 1641ms
47 silly placeDep ROOT node-postgres-named@2.4.1 OK for: node-red-contrib-re-postgres@0.3.3 want: ^2.4.1
48 silly fetch manifest lodash@^4.0.0
49 http fetch GET 200 https://registry.npmjs.org/lodash 100ms (cache updated)
50 timing idealTree:node_modules/node-red-contrib-re-postgres Completed in 103ms
51 silly placeDep ROOT lodash@4.17.21 OK for: node-postgres-named@2.4.1 want: ^4.0.0
52 timing idealTree:node_modules/node-postgres-named Completed in 1ms
53 timing idealTree:node_modules/lodash Completed in 0ms
54 timing idealTree:buildDeps Completed in 1749ms
55 timing idealTree:fixDepFlags Completed in 4ms
56 timing idealTree Completed in 2145ms
57 timing reify:loadTrees Completed in 2147ms
58 timing reify:diffTrees Completed in 11ms
59 silly reify moves {}
60 timing reify:retireShallow Completed in 3ms
61 timing reify:createSparse Completed in 5ms
62 timing reify:trashOmits Completed in 1ms
63 timing reify:loadBundles Completed in 0ms
64 timing reifyNode:node_modules/node-postgres-named Completed in 152ms
65 timing reifyNode:node_modules/node-red-contrib-re-postgres Completed in 153ms
66 timing reifyNode:node_modules/lodash Completed in 631ms
67 timing reify:unpack Completed in 632ms
68 timing reify:unretire Completed in 0ms
69 timing build:queue Completed in 1ms
70 timing build:deps Completed in 1ms
71 timing build Completed in 1ms
72 timing reify:build Completed in 2ms
73 timing reify:trash Completed in 0ms
74 timing reify:save Completed in 98ms
75 timing reify Completed in 2949ms
76 silly ADD node_modules/lodash
77 silly ADD node_modules/node-postgres-named
78 silly ADD node_modules/node-red-contrib-re-postgres
79 timing command:install Completed in 2958ms
80 verbose exit 0
81 timing npm Completed in 3187ms
82 info ok
